[debug] [2022-11-28T11:46:55.187Z] ----------------------------------------------------------------------
[debug] [2022-11-28T11:46:55.190Z] Command:       C:\Program Files\nodejs\node.exe C:\Users\Adminn\AppData\Roaming\npm\node_modules\firebase-tools\lib\bin\firebase.js init
[debug] [2022-11-28T11:46:55.190Z] CLI Version:   11.16.1
[debug] [2022-11-28T11:46:55.191Z] Platform:      win32
[debug] [2022-11-28T11:46:55.191Z] Node Version:  v16.15.1
[debug] [2022-11-28T11:46:55.193Z] Time:          Mon Nov 28 2022 17:16:55 GMT+0530 (India Standard Time)
[debug] [2022-11-28T11:46:55.193Z] ----------------------------------------------------------------------
[debug] 
[debug] [2022-11-28T11:46:55.198Z] >>> [apiv2][query] GET https://firebase-public.firebaseio.com/cli.json [none]
[debug] [2022-11-28T11:46:55.318Z] > command requires scopes: ["email","openid","https://www.googleapis.com/auth/cloudplatformprojects.readonly","https://www.googleapis.com/auth/firebase","https://www.googleapis.com/auth/cloud-platform"]
[debug] [2022-11-28T11:46:55.319Z] > authorizing via signed-in user (yshivani741@gmail.com)
[info] 
     ######## #### ########  ######## ########     ###     ######  ########
     ##        ##  ##     ## ##       ##     ##  ##   ##  ##       ##
     ######    ##  ########  ######   ########  #########  ######  ######
     ##        ##  ##    ##  ##       ##     ## ##     ##       ## ##
     ##       #### ##     ## ######## ########  ##     ##  ######  ########

You're about to initialize a Firebase project in this directory:

  C:\Users\Adminn\Desktop\whatsapp-clon

Before we get started, keep in mind:

  * You are initializing within an existing Firebase project directory

[debug] [2022-11-28T11:46:55.997Z] <<< [apiv2][status] GET https://firebase-public.firebaseio.com/cli.json 200
[debug] [2022-11-28T11:46:55.997Z] <<< [apiv2][body] GET https://firebase-public.firebaseio.com/cli.json {"cloudBuildErrorAfter":1594252800000,"cloudBuildWarnAfter":1590019200000,"defaultNode10After":1594252800000,"minVersion":"3.0.5","node8DeploysDisabledAfter":1613390400000,"node8RuntimeDisabledAfter":1615809600000,"node8WarnAfter":1600128000000}
[info] 
=== Project Setup
[info] 
[info] First, let's associate this project directory with a Firebase project.
[info] You can create multiple project aliases by running firebase use --add, 
[info] but for now we'll just set up a default project.
[info] 
[debug] [2022-11-28T11:47:11.648Z] Using project from CLI flag: whatsapp-web-app
[debug] [2022-11-28T11:47:11.650Z] > refreshing access token with scopes: []
[debug] [2022-11-28T11:47:11.654Z] >>> [apiv2][query] POST https://www.googleapis.com/oauth2/v3/token [none]
[debug] [2022-11-28T11:47:11.655Z] >>> [apiv2][body] POST https://www.googleapis.com/oauth2/v3/token [omitted]
[debug] [2022-11-28T11:47:11.974Z] <<< [apiv2][status] POST https://www.googleapis.com/oauth2/v3/token 200
[debug] [2022-11-28T11:47:11.974Z] <<< [apiv2][body] POST https://www.googleapis.com/oauth2/v3/token [omitted]
[debug] [2022-11-28T11:47:12.004Z] >>> [apiv2][query] GET https://firebase.googleapis.com/v1beta1/projects/whatsapp-web-app [none]
[debug] [2022-11-28T11:47:17.979Z] <<< [apiv2][status] GET https://firebase.googleapis.com/v1beta1/projects/whatsapp-web-app 403
[debug] [2022-11-28T11:47:17.980Z] <<< [apiv2][body] GET https://firebase.googleapis.com/v1beta1/projects/whatsapp-web-app {"error":{"code":403,"message":"The caller does not have permission","status":"PERMISSION_DENIED"}}
[debug] [2022-11-28T11:47:17.983Z] HTTP Error: 403, The caller does not have permission
[debug] [2022-11-28T11:47:18.230Z] FirebaseError: HTTP Error: 403, The caller does not have permission
    at responseToError (C:\Users\Adminn\AppData\Roaming\npm\node_modules\firebase-tools\lib\responseToError.js:49:12)
    at RetryOperation._fn (C:\Users\Adminn\AppData\Roaming\npm\node_modules\firebase-tools\lib\apiv2.js:288:77)
    at processTicksAndRejections (node:internal/process/task_queues:96:5)
[error] 
[error] Error: Failed to get Firebase project whatsapp-web-app. Please make sure the project exists and your account has permission to access it.
